[debug] [2026-01-25T16:48:18.960Z] ----------------------------------------------------------------------
[debug] [2026-01-25T16:48:18.963Z] Command:       C:\Program Files\nodejs\node.exe C:\Users\ha177\AppData\Roaming\npm\node_modules\firebase-tools\lib\bin\firebase.js emulators:start
[debug] [2026-01-25T16:48:18.964Z] CLI Version:   15.4.0
[debug] [2026-01-25T16:48:18.964Z] Platform:      win32
[debug] [2026-01-25T16:48:18.964Z] Node Version:  v20.16.0
[debug] [2026-01-25T16:48:18.964Z] Time:          Sun Jan 25 2026 21:48:18 GMT+0500 (Pakistan Standard Time)
[debug] [2026-01-25T16:48:18.965Z] ----------------------------------------------------------------------
[debug] 
[debug] [2026-01-25T16:48:21.181Z] > command requires scopes: ["email","openid","https://www.googleapis.com/auth/cloudplatformprojects.readonly","https://www.googleapis.com/auth/firebase","https://www.googleapis.com/auth/cloud-platform"]
[debug] [2026-01-25T16:48:21.182Z] > authorizing via signed-in user (fa9293493@gmail.com)
[debug] [2026-01-25T16:48:21.647Z] openjdk version "21.0.5" 2024-10-15

[debug] [2026-01-25T16:48:21.648Z] OpenJDK Runtime Environment (build 21.0.5+-12932927-b750.29)
OpenJDK 64-Bit Server VM (build 21.0.5+-12932927-b750.29, mixed mode)

[debug] [2026-01-25T16:48:21.678Z] Parsed Java major version: 21
[info] i  emulators: Starting emulators: functions, firestore, database, extensions {"metadata":{"emulator":{"name":"hub"},"message":"Starting emulators: functions, firestore, database, extensions"}}
[debug] [2026-01-25T16:48:21.682Z] Checked if tokens are valid: true, expires at: 1769361461018
[debug] [2026-01-25T16:48:21.682Z] Checked if tokens are valid: true, expires at: 1769361461018
[debug] [2026-01-25T16:48:21.684Z] >>> [apiv2][query] GET https://serviceusage.googleapis.com/v1/projects/paktrainfoodservice/services/cloudresourcemanager.googleapis.com [none]
[debug] [2026-01-25T16:48:21.684Z] >>> [apiv2][(partial)header] GET https://serviceusage.googleapis.com/v1/projects/paktrainfoodservice/services/cloudresourcemanager.googleapis.com x-goog-quota-user=projects/paktrainfoodservice
[debug] [2026-01-25T16:48:23.624Z] <<< [apiv2][status] GET https://serviceusage.googleapis.com/v1/projects/paktrainfoodservice/services/cloudresourcemanager.googleapis.com 200
[debug] [2026-01-25T16:48:23.625Z] <<< [apiv2][body] GET https://serviceusage.googleapis.com/v1/projects/paktrainfoodservice/services/cloudresourcemanager.googleapis.com [omitted]
[debug] [2026-01-25T16:48:23.633Z] Checked if tokens are valid: true, expires at: 1769361461018
[debug] [2026-01-25T16:48:23.634Z] Checked if tokens are valid: true, expires at: 1769361461018
[debug] [2026-01-25T16:48:23.634Z] >>> [apiv2][query] GET https://cloudresourcemanager.googleapis.com/v1/projects/paktrainfoodservice [none]
[debug] [2026-01-25T16:48:25.268Z] <<< [apiv2][status] GET https://cloudresourcemanager.googleapis.com/v1/projects/paktrainfoodservice 200
[debug] [2026-01-25T16:48:25.269Z] <<< [apiv2][body] GET https://cloudresourcemanager.googleapis.com/v1/projects/paktrainfoodservice {"projectNumber":"584020651389","projectId":"paktrainfoodservice","lifecycleState":"ACTIVE","name":"PakTrainFoodService","labels":{"firebase":"enabled","firebase-core":"disabled"},"createTime":"2025-09-28T03:33:09.627398Z"}
[debug] [2026-01-25T16:48:25.295Z] [logging] Logging Emulator only supports listening on one address (127.0.0.1). Not listening on ::1
[debug] [2026-01-25T16:48:25.295Z] [firestore] Firestore Emulator only supports listening on one address (127.0.0.1). Not listening on ::1
[debug] [2026-01-25T16:48:25.295Z] [firestore.websocket] websocket server for firestore only supports listening on one address (127.0.0.1). Not listening on ::1
[debug] [2026-01-25T16:48:25.295Z] [database] Database Emulator only supports listening on one address (127.0.0.1). Not listening on ::1
[debug] [2026-01-25T16:48:25.296Z] assigned listening specs for emulators {"user":{"hub":[{"address":"127.0.0.1","family":"IPv4","port":4400},{"address":"::1","family":"IPv6","port":4400}],"ui":[{"address":"127.0.0.1","family":"IPv4","port":4000},{"address":"::1","family":"IPv6","port":4000}],"logging":[{"address":"127.0.0.1","family":"IPv4","port":4500}],"firestore":[{"address":"127.0.0.1","family":"IPv4","port":8080}],"firestore.websocket":[{"address":"127.0.0.1","family":"IPv4","port":9150}],"database":[{"address":"127.0.0.1","family":"IPv4","port":9000}]},"metadata":{"message":"assigned listening specs for emulators"}}
[debug] [2026-01-25T16:48:25.304Z] Write emulator hub locator at C:\Users\ha177\AppData\Local\Temp\hub-paktrainfoodservice.json
[debug] [2026-01-25T16:48:25.316Z] [Extensions] Started Extensions emulator, this is a noop.
[debug] [2026-01-25T16:48:25.325Z] [functions] Functions Emulator only supports listening on one address (127.0.0.1). Not listening on ::1
[debug] [2026-01-25T16:48:25.326Z] [eventarc] Eventarc Emulator only supports listening on one address (127.0.0.1). Not listening on ::1
[debug] [2026-01-25T16:48:25.326Z] [tasks] Cloud Tasks Emulator only supports listening on one address (127.0.0.1). Not listening on ::1
[debug] [2026-01-25T16:48:25.326Z] late-assigned ports for functions and eventarc emulators {"user":{"hub":[{"address":"127.0.0.1","family":"IPv4","port":4400},{"address":"::1","family":"IPv6","port":4400}],"ui":[{"address":"127.0.0.1","family":"IPv4","port":4000},{"address":"::1","family":"IPv6","port":4000}],"logging":[{"address":"127.0.0.1","family":"IPv4","port":4500}],"firestore":[{"address":"127.0.0.1","family":"IPv4","port":8080}],"firestore.websocket":[{"address":"127.0.0.1","family":"IPv4","port":9150}],"database":[{"address":"127.0.0.1","family":"IPv4","port":9000}],"functions":[{"address":"127.0.0.1","family":"IPv4","port":5001}],"eventarc":[{"address":"127.0.0.1","family":"IPv4","port":9299}],"tasks":[{"address":"127.0.0.1","family":"IPv4","port":9499}]},"metadata":{"message":"late-assigned ports for functions and eventarc emulators"}}
[warn] !  functions: The following emulators are not running, calls to these services from the Functions emulator will affect production: apphosting, auth, hosting, pubsub, storage, dataconnect {"metadata":{"emulator":{"name":"functions"},"message":"The following emulators are not running, calls to these services from the Functions emulator will affect production: \u001b[1mapphosting, auth, hosting, pubsub, storage, dataconnect\u001b[22m"}}
[debug] [2026-01-25T16:48:25.384Z] defaultcredentials: writing to file C:\Users\ha177\AppData\Roaming\firebase\fa9293493_gmail_com_application_default_credentials.json
[debug] [2026-01-25T16:48:25.387Z] Setting GAC to C:\Users\ha177\AppData\Roaming\firebase\fa9293493_gmail_com_application_default_credentials.json {"metadata":{"emulator":{"name":"functions"},"message":"Setting GAC to C:\\Users\\ha177\\AppData\\Roaming\\firebase\\fa9293493_gmail_com_application_default_credentials.json"}}
[debug] [2026-01-25T16:48:25.387Z] Checked if tokens are valid: true, expires at: 1769361461018
[debug] [2026-01-25T16:48:25.388Z] Checked if tokens are valid: true, expires at: 1769361461018
[debug] [2026-01-25T16:48:25.388Z] >>> [apiv2][query] GET https://firebase.googleapis.com/v1beta1/projects/paktrainfoodservice/adminSdkConfig [none]
[debug] [2026-01-25T16:48:26.495Z] <<< [apiv2][status] GET https://firebase.googleapis.com/v1beta1/projects/paktrainfoodservice/adminSdkConfig 200
[debug] [2026-01-25T16:48:26.495Z] <<< [apiv2][body] GET https://firebase.googleapis.com/v1beta1/projects/paktrainfoodservice/adminSdkConfig {"projectId":"paktrainfoodservice","databaseURL":"https://paktrainfoodservice-default-rtdb.firebaseio.com","storageBucket":"paktrainfoodservice.firebasestorage.app"}
[info] i  firestore: downloading cloud-firestore-emulator-v1.20.2.jar... {"metadata":{"emulator":{"name":"firestore"},"message":"downloading cloud-firestore-emulator-v1.20.2.jar..."}}
[debug] [2026-01-25T16:48:26.532Z] >>> [apiv2][query] GET https://storage.googleapis.com/firebase-preview-drop/emulator/cloud-firestore-emulator-v1.20.2.jar 
[debug] [2026-01-25T16:48:27.168Z] <<< [apiv2][status] GET https://storage.googleapis.com/firebase-preview-drop/emulator/cloud-firestore-emulator-v1.20.2.jar 200
[debug] [2026-01-25T16:48:27.168Z] <<< [apiv2][body] GET https://storage.googleapis.com/firebase-preview-drop/emulator/cloud-firestore-emulator-v1.20.2.jar [stream]
[debug] [2026-01-25T16:53:30.258Z] Ignoring unsupported arg: auto_download {"metadata":{"emulator":{"name":"firestore"},"message":"Ignoring unsupported arg: auto_download"}}
[debug] [2026-01-25T16:53:30.258Z] Ignoring unsupported arg: single_project_mode_error {"metadata":{"emulator":{"name":"firestore"},"message":"Ignoring unsupported arg: single_project_mode_error"}}
[debug] [2026-01-25T16:53:30.258Z] Starting Firestore Emulator with command {"binary":"java","args":["-Dgoogle.cloud_firestore.debug_log_level=FINE","-Duser.language=en","-jar","C:\\Users\\ha177\\.cache\\firebase\\emulators\\cloud-firestore-emulator-v1.20.2.jar","--host","127.0.0.1","--port",8080,"--websocket_port",9150,"--project_id","paktrainfoodservice","--rules","D:\\PakTrainFoodApp\\firestore.rules","--single_project_mode",true,"--functions_emulator","127.0.0.1:5001"],"optionalArgs":["port","webchannel_port","host","rules","websocket_port","functions_emulator","seed_from_export","project_id","single_project_mode"],"joinArgs":false,"shell":false,"port":8080} {"metadata":{"emulator":{"name":"firestore"},"message":"Starting Firestore Emulator with command {\"binary\":\"java\",\"args\":[\"-Dgoogle.cloud_firestore.debug_log_level=FINE\",\"-Duser.language=en\",\"-jar\",\"C:\\\\Users\\\\ha177\\\\.cache\\\\firebase\\\\emulators\\\\cloud-firestore-emulator-v1.20.2.jar\",\"--host\",\"127.0.0.1\",\"--port\",8080,\"--websocket_port\",9150,\"--project_id\",\"paktrainfoodservice\",\"--rules\",\"D:\\\\PakTrainFoodApp\\\\firestore.rules\",\"--single_project_mode\",true,\"--functions_emulator\",\"127.0.0.1:5001\"],\"optionalArgs\":[\"port\",\"webchannel_port\",\"host\",\"rules\",\"websocket_port\",\"functions_emulator\",\"seed_from_export\",\"project_id\",\"single_project_mode\"],\"joinArgs\":false,\"shell\":false,\"port\":8080}"}}
[info] i  firestore: Firestore Emulator logging to firestore-debug.log {"metadata":{"emulator":{"name":"firestore"},"message":"Firestore Emulator logging to \u001b[1mfirestore-debug.log\u001b[22m"}}
[debug] [2026-01-25T16:53:32.872Z] Jan 25, 2026 9:53:32 PM com.google.cloud.datastore.emulator.firestore.websocket.WebSocketServer start
INFO: Started WebSocket server on ws://127.0.0.1:9150
 {"metadata":{"emulator":{"name":"firestore"},"message":"Jan 25, 2026 9:53:32 PM com.google.cloud.datastore.emulator.firestore.websocket.WebSocketServer start\r\nINFO: Started WebSocket server on ws://127.0.0.1:9150\r\n"}}
[debug] [2026-01-25T16:53:33.022Z] API endpoint: http:// {"metadata":{"emulator":{"name":"firestore"},"message":"API endpoint: http://"}}
[debug] [2026-01-25T16:53:33.023Z] 127.0.0.1:8080
If you are using a library that supports the FIRESTORE_EMULATOR_HOST environment variable, run:
 {"metadata":{"emulator":{"name":"firestore"},"message":"127.0.0.1:8080\nIf you are using a library that supports the FIRESTORE_EMULATOR_HOST environment variable, run:\r\n"}}
[debug] [2026-01-25T16:53:33.023Z] 
   export FIRESTORE_EMULATOR_HOST= {"metadata":{"emulator":{"name":"firestore"},"message":"\n   export FIRESTORE_EMULATOR_HOST="}}
[debug] [2026-01-25T16:53:33.024Z] 127.0.0.1:8080

If you are running a Firestore in Datastore Mode project, run:

   export DATASTORE_EMULATOR_HOST=127.0.0.1:8080

Note: Support for Datastore Mode is in preview. If you encounter any bugs please file at https://github.com/firebase/firebase-tools/issues.
Dev App Server is now running.

 {"metadata":{"emulator":{"name":"firestore"},"message":"127.0.0.1:8080\n\nIf you are running a Firestore in Datastore Mode project, run:\r\n\n   export DATASTORE_EMULATOR_HOST=127.0.0.1:8080\n\nNote: Support for Datastore Mode is in preview. If you encounter any bugs please file at https://github.com/firebase/firebase-tools/issues.\r\nDev App Server is now running.\n\r\n"}}
[info] +  firestore: Firestore Emulator UI websocket is running on 9150. {"metadata":{"emulator":{"name":"firestore"},"message":"Firestore Emulator UI websocket is running on 9150."}}
[debug] [2026-01-25T16:53:33.230Z] Checked if tokens are valid: true, expires at: 1769361461018
[debug] [2026-01-25T16:53:33.235Z] Checked if tokens are valid: true, expires at: 1769361461018
[debug] [2026-01-25T16:53:33.238Z] >>> [apiv2][query] GET https://firebase.googleapis.com/v1beta1/projects/paktrainfoodservice [none]
[debug] [2026-01-25T16:53:33.926Z] <<< [apiv2][status] GET https://firebase.googleapis.com/v1beta1/projects/paktrainfoodservice 200
[debug] [2026-01-25T16:53:33.926Z] <<< [apiv2][body] GET https://firebase.googleapis.com/v1beta1/projects/paktrainfoodservice {"projectId":"paktrainfoodservice","projectNumber":"584020651389","displayName":"PakTrainFoodService","name":"projects/paktrainfoodservice","resources":{"hostingSite":"paktrainfoodservice","realtimeDatabaseInstance":"paktrainfoodservice-default-rtdb"},"state":"ACTIVE","etag":"1_b4ac5e37-dbbe-4800-9fbc-c05e08c35169"}
[debug] [2026-01-25T16:53:33.927Z] database rules config:  [{"instance":"paktrainfoodservice-default-rtdb","rules":"D:\\PakTrainFoodApp\\database.rules.json"}]
[info] i  database: downloading firebase-database-emulator-v4.11.2.jar... {"metadata":{"emulator":{"name":"database"},"message":"downloading firebase-database-emulator-v4.11.2.jar..."}}
[debug] [2026-01-25T16:53:33.944Z] >>> [apiv2][query] GET https://storage.googleapis.com/firebase-preview-drop/emulator/firebase-database-emulator-v4.11.2.jar 
[debug] [2026-01-25T16:53:34.312Z] <<< [apiv2][status] GET https://storage.googleapis.com/firebase-preview-drop/emulator/firebase-database-emulator-v4.11.2.jar 200
[debug] [2026-01-25T16:53:34.312Z] <<< [apiv2][body] GET https://storage.googleapis.com/firebase-preview-drop/emulator/firebase-database-emulator-v4.11.2.jar [stream]
[debug] [2026-01-25T16:55:49.064Z] Ignoring unsupported arg: projectId {"metadata":{"emulator":{"name":"database"},"message":"Ignoring unsupported arg: projectId"}}
[debug] [2026-01-25T16:55:49.064Z] Ignoring unsupported arg: auto_download {"metadata":{"emulator":{"name":"database"},"message":"Ignoring unsupported arg: auto_download"}}
[debug] [2026-01-25T16:55:49.065Z] Ignoring unsupported arg: rules {"metadata":{"emulator":{"name":"database"},"message":"Ignoring unsupported arg: rules"}}
[debug] [2026-01-25T16:55:49.065Z] Starting Database Emulator with command {"binary":"java","args":["-Duser.language=en","-jar","C:\\Users\\ha177\\.cache\\firebase\\emulators\\firebase-database-emulator-v4.11.2.jar","--host","127.0.0.1","--port",9000,"--single_project_mode","Warning","--functions_emulator_host","127.0.0.1","--functions_emulator_port",5001],"optionalArgs":["port","host","functions_emulator_port","functions_emulator_host","single_project_mode"],"joinArgs":false,"shell":false,"port":9000} {"metadata":{"emulator":{"name":"database"},"message":"Starting Database Emulator with command {\"binary\":\"java\",\"args\":[\"-Duser.language=en\",\"-jar\",\"C:\\\\Users\\\\ha177\\\\.cache\\\\firebase\\\\emulators\\\\firebase-database-emulator-v4.11.2.jar\",\"--host\",\"127.0.0.1\",\"--port\",9000,\"--single_project_mode\",\"Warning\",\"--functions_emulator_host\",\"127.0.0.1\",\"--functions_emulator_port\",5001],\"optionalArgs\":[\"port\",\"host\",\"functions_emulator_port\",\"functions_emulator_host\",\"single_project_mode\"],\"joinArgs\":false,\"shell\":false,\"port\":9000}"}}
[info] i  database: Database Emulator logging to database-debug.log {"metadata":{"emulator":{"name":"database"},"message":"Database Emulator logging to \u001b[1mdatabase-debug.log\u001b[22m"}}
[debug] [2026-01-25T16:55:52.148Z] 21:55:52.145 [NamespaceSystem-akka.actor.default-dispatcher-5] INFO akka.event.slf4j.Slf4jLogger - Slf4jLogger started
 {"metadata":{"emulator":{"name":"database"},"message":"21:55:52.145 [NamespaceSystem-akka.actor.default-dispatcher-5] INFO akka.event.slf4j.Slf4jLogger - Slf4jLogger started\r\n"}}
[debug] [2026-01-25T16:55:52.490Z] 21:55:52.489 [main] INFO com.firebase.server.forge.App$ - Listening at 127.0.0.1:9000
 {"metadata":{"emulator":{"name":"database"},"message":"21:55:52.489 [main] INFO com.firebase.server.forge.App$ - Listening at 127.0.0.1:9000\r\n"}}
[info] i  ui: downloading ui-v1.15.0.zip... {"metadata":{"emulator":{"name":"ui"},"message":"downloading ui-v1.15.0.zip..."}}
[debug] [2026-01-25T16:55:52.770Z] >>> [apiv2][query] GET https://storage.googleapis.com/firebase-preview-drop/emulator/ui-v1.15.0.zip 
[debug] [2026-01-25T16:55:53.054Z] <<< [apiv2][status] GET https://storage.googleapis.com/firebase-preview-drop/emulator/ui-v1.15.0.zip 200
[debug] [2026-01-25T16:55:53.054Z] <<< [apiv2][body] GET https://storage.googleapis.com/firebase-preview-drop/emulator/ui-v1.15.0.zip [stream]
[debug] [2026-01-25T16:56:02.525Z] Data is 3538469
[debug] [2026-01-25T16:56:02.525Z] [unzip] Entry: client/ (compressed_size=0 bytes, uncompressed_size=0 bytes)
[debug] [2026-01-25T16:56:02.525Z] [unzip] Processing entry: client\
[debug] [2026-01-25T16:56:02.525Z] [unzip] mkdir: C:\Users\ha177\.cache\firebase\emulators\ui-v1.15.0\client\
[debug] [2026-01-25T16:56:02.527Z] [unzip] Entry: client/favicon-16x16.png (compressed_size=293 bytes, uncompressed_size=293 bytes)
[debug] [2026-01-25T16:56:02.527Z] [unzip] Processing entry: client\favicon-16x16.png
[debug] [2026-01-25T16:56:02.527Z] [unzip] else mkdir: C:\Users\ha177\.cache\firebase\emulators\ui-v1.15.0\client
[debug] [2026-01-25T16:56:02.528Z] [unzip] Writing file: C:\Users\ha177\.cache\firebase\emulators\ui-v1.15.0\client\favicon-16x16.png
[debug] [2026-01-25T16:56:02.530Z] [unzip] Entry: client/safari-pinned-tab.svg (compressed_size=1433 bytes, uncompressed_size=2611 bytes)
[debug] [2026-01-25T16:56:02.530Z] [unzip] Processing entry: client\safari-pinned-tab.svg
[debug] [2026-01-25T16:56:02.530Z] [unzip] else mkdir: C:\Users\ha177\.cache\firebase\emulators\ui-v1.15.0\client
[debug] [2026-01-25T16:56:02.531Z] [unzip] deflating: C:\Users\ha177\.cache\firebase\emulators\ui-v1.15.0\client\safari-pinned-tab.svg
[debug] [2026-01-25T16:56:02.538Z] [unzip] Entry: client/favicon.ico (compressed_size=2933 bytes, uncompressed_size=13294 bytes)
[debug] [2026-01-25T16:56:02.538Z] [unzip] Processing entry: client\favicon.ico
[debug] [2026-01-25T16:56:02.539Z] [unzip] else mkdir: C:\Users\ha177\.cache\firebase\emulators\ui-v1.15.0\client
[debug] [2026-01-25T16:56:02.539Z] [unzip] deflating: C:\Users\ha177\.cache\firebase\emulators\ui-v1.15.0\client\favicon.ico
[debug] [2026-01-25T16:56:02.542Z] [unzip] Entry: client/index.html (compressed_size=1364 bytes, uncompressed_size=3071 bytes)
[debug] [2026-01-25T16:56:02.542Z] [unzip] Processing entry: client\index.html
[debug] [2026-01-25T16:56:02.542Z] [unzip] else mkdir: C:\Users\ha177\.cache\firebase\emulators\ui-v1.15.0\client
[debug] [2026-01-25T16:56:02.543Z] [unzip] deflating: C:\Users\ha177\.cache\firebase\emulators\ui-v1.15.0\client\index.html
[debug] [2026-01-25T16:56:02.546Z] [unzip] Entry: client/android-chrome-192x192.png (compressed_size=2684 bytes, uncompressed_size=2684 bytes)
[debug] [2026-01-25T16:56:02.546Z] [unzip] Processing entry: client\android-chrome-192x192.png
[debug] [2026-01-25T16:56:02.546Z] [unzip] else mkdir: C:\Users\ha177\.cache\firebase\emulators\ui-v1.15.0\client
[debug] [2026-01-25T16:56:02.547Z] [unzip] Writing file: C:\Users\ha177\.cache\firebase\emulators\ui-v1.15.0\client\android-chrome-192x192.png
[debug] [2026-01-25T16:56:02.549Z] [unzip] Entry: client/apple-touch-icon.png (compressed_size=2123 bytes, uncompressed_size=2152 bytes)
[debug] [2026-01-25T16:56:02.550Z] [unzip] Processing entry: client\apple-touch-icon.png
[debug] [2026-01-25T16:56:02.550Z] [unzip] else mkdir: C:\Users\ha177\.cache\firebase\emulators\ui-v1.15.0\client
[debug] [2026-01-25T16:56:02.550Z] [unzip] deflating: C:\Users\ha177\.cache\firebase\emulators\ui-v1.15.0\client\apple-touch-icon.png
[debug] [2026-01-25T16:56:02.553Z] [unzip] Entry: client/android-chrome-512x512.png (compressed_size=5369 bytes, uncompressed_size=5411 bytes)
[debug] [2026-01-25T16:56:02.553Z] [unzip] Processing entry: client\android-chrome-512x512.png
[debug] [2026-01-25T16:56:02.553Z] [unzip] else mkdir: C:\Users\ha177\.cache\firebase\emulators\ui-v1.15.0\client
[debug] [2026-01-25T16:56:02.554Z] [unzip] deflating: C:\Users\ha177\.cache\firebase\emulators\ui-v1.15.0\client\android-chrome-512x512.png
[debug] [2026-01-25T16:56:02.556Z] [unzip] Entry: client/manifest.json (compressed_size=245 bytes, uncompressed_size=551 bytes)
[debug] [2026-01-25T16:56:02.556Z] [unzip] Processing entry: client\manifest.json
[debug] [2026-01-25T16:56:02.557Z] [unzip] else mkdir: C:\Users\ha177\.cache\firebase\emulators\ui-v1.15.0\client
[debug] [2026-01-25T16:56:02.557Z] [unzip] deflating: C:\Users\ha177\.cache\firebase\emulators\ui-v1.15.0\client\manifest.json
[debug] [2026-01-25T16:56:02.560Z] [unzip] Entry: client/robots.txt (compressed_size=26 bytes, uncompressed_size=26 bytes)
[debug] [2026-01-25T16:56:02.560Z] [unzip] Processing entry: client\robots.txt
[debug] [2026-01-25T16:56:02.560Z] [unzip] else mkdir: C:\Users\ha177\.cache\firebase\emulators\ui-v1.15.0\client
[debug] [2026-01-25T16:56:02.561Z] [unzip] Writing file: C:\Users\ha177\.cache\firebase\emulators\ui-v1.15.0\client\robots.txt
[debug] [2026-01-25T16:56:02.563Z] [unzip] Entry: client/mstile-150x150.png (compressed_size=2034 bytes, uncompressed_size=2034 bytes)
[debug] [2026-01-25T16:56:02.563Z] [unzip] Processing entry: client\mstile-150x150.png
[debug] [2026-01-25T16:56:02.563Z] [unzip] else mkdir: C:\Users\ha177\.cache\firebase\emulators\ui-v1.15.0\client
[debug] [2026-01-25T16:56:02.564Z] [unzip] Writing file: C:\Users\ha177\.cache\firebase\emulators\ui-v1.15.0\client\mstile-150x150.png
[debug] [2026-01-25T16:56:02.566Z] [unzip] Entry: client/assets/ (compressed_size=0 bytes, uncompressed_size=0 bytes)
[debug] [2026-01-25T16:56:02.566Z] [unzip] Processing entry: client\assets\
[debug] [2026-01-25T16:56:02.566Z] [unzip] mkdir: C:\Users\ha177\.cache\firebase\emulators\ui-v1.15.0\client\assets\
[debug] [2026-01-25T16:56:02.568Z] [unzip] Entry: client/assets/index-BX-A56oj.js (compressed_size=582089 bytes, uncompressed_size=2092775 bytes)
[debug] [2026-01-25T16:56:02.568Z] [unzip] Processing entry: client\assets\index-BX-A56oj.js
[debug] [2026-01-25T16:56:02.568Z] [unzip] else mkdir: C:\Users\ha177\.cache\firebase\emulators\ui-v1.15.0\client\assets
[debug] [2026-01-25T16:56:02.569Z] [unzip] deflating: C:\Users\ha177\.cache\firebase\emulators\ui-v1.15.0\client\assets\index-BX-A56oj.js
[debug] [2026-01-25T16:56:02.596Z] [unzip] Entry: client/assets/index-CjB9C900.css (compressed_size=35979 bytes, uncompressed_size=298654 bytes)
[debug] [2026-01-25T16:56:02.596Z] [unzip] Processing entry: client\assets\index-CjB9C900.css
[debug] [2026-01-25T16:56:02.596Z] [unzip] else mkdir: C:\Users\ha177\.cache\firebase\emulators\ui-v1.15.0\client\assets
[debug] [2026-01-25T16:56:02.598Z] [unzip] deflating: C:\Users\ha177\.cache\firebase\emulators\ui-v1.15.0\client\assets\index-CjB9C900.css
[debug] [2026-01-25T16:56:02.604Z] [unzip] Entry: client/assets/index-BX-A56oj.js.map (compressed_size=2362482 bytes, uncompressed_size=10036679 bytes)
[debug] [2026-01-25T16:56:02.604Z] [unzip] Processing entry: client\assets\index-BX-A56oj.js.map
[debug] [2026-01-25T16:56:02.604Z] [unzip] else mkdir: C:\Users\ha177\.cache\firebase\emulators\ui-v1.15.0\client\assets
[debug] [2026-01-25T16:56:02.605Z] [unzip] deflating: C:\Users\ha177\.cache\firebase\emulators\ui-v1.15.0\client\assets\index-BX-A56oj.js.map
[debug] [2026-01-25T16:56:02.753Z] [unzip] Entry: client/assets/extensions/ (compressed_size=0 bytes, uncompressed_size=0 bytes)
[debug] [2026-01-25T16:56:02.753Z] [unzip] Processing entry: client\assets\extensions\
[debug] [2026-01-25T16:56:02.753Z] [unzip] mkdir: C:\Users\ha177\.cache\firebase\emulators\ui-v1.15.0\client\assets\extensions\
[debug] [2026-01-25T16:56:02.754Z] [unzip] Entry: client/assets/extensions/default-extension.png (compressed_size=1646 bytes, uncompressed_size=1657 bytes)
[debug] [2026-01-25T16:56:02.755Z] [unzip] Processing entry: client\assets\extensions\default-extension.png
[debug] [2026-01-25T16:56:02.755Z] [unzip] else mkdir: C:\Users\ha177\.cache\firebase\emulators\ui-v1.15.0\client\assets\extensions
[debug] [2026-01-25T16:56:02.756Z] [unzip] deflating: C:\Users\ha177\.cache\firebase\emulators\ui-v1.15.0\client\assets\extensions\default-extension.png
[debug] [2026-01-25T16:56:02.758Z] [unzip] Entry: client/assets/img/ (compressed_size=0 bytes, uncompressed_size=0 bytes)
[debug] [2026-01-25T16:56:02.759Z] [unzip] Processing entry: client\assets\img\
[debug] [2026-01-25T16:56:02.759Z] [unzip] mkdir: C:\Users\ha177\.cache\firebase\emulators\ui-v1.15.0\client\assets\img\
[debug] [2026-01-25T16:56:02.760Z] [unzip] Entry: client/assets/img/database.png (compressed_size=29449 bytes, uncompressed_size=29988 bytes)
[debug] [2026-01-25T16:56:02.760Z] [unzip] Processing entry: client\assets\img\database.png
[debug] [2026-01-25T16:56:02.760Z] [unzip] else mkdir: C:\Users\ha177\.cache\firebase\emulators\ui-v1.15.0\client\assets\img
[debug] [2026-01-25T16:56:02.761Z] [unzip] deflating: C:\Users\ha177\.cache\firebase\emulators\ui-v1.15.0\client\assets\img\database.png
[debug] [2026-01-25T16:56:02.763Z] [unzip] Entry: client/assets/provider-icons/ (compressed_size=0 bytes, uncompressed_size=0 bytes)
[debug] [2026-01-25T16:56:02.764Z] [unzip] Processing entry: client\assets\provider-icons\
[debug] [2026-01-25T16:56:02.764Z] [unzip] mkdir: C:\Users\ha177\.cache\firebase\emulators\ui-v1.15.0\client\assets\provider-icons\
[debug] [2026-01-25T16:56:02.765Z] [unzip] Entry: client/assets/provider-icons/auth_service_saml.svg (compressed_size=575 bytes, uncompressed_size=1226 bytes)
[debug] [2026-01-25T16:56:02.765Z] [unzip] Processing entry: client\assets\provider-icons\auth_service_saml.svg
[debug] [2026-01-25T16:56:02.765Z] [unzip] else mkdir: C:\Users\ha177\.cache\firebase\emulators\ui-v1.15.0\client\assets\provider-icons
[debug] [2026-01-25T16:56:02.766Z] [unzip] deflating: C:\Users\ha177\.cache\firebase\emulators\ui-v1.15.0\client\assets\provider-icons\auth_service_saml.svg
[debug] [2026-01-25T16:56:02.769Z] [unzip] Entry: client/assets/provider-icons/auth_service_phone.svg (compressed_size=261 bytes, uncompressed_size=414 bytes)
[debug] [2026-01-25T16:56:02.769Z] [unzip] Processing entry: client\assets\provider-icons\auth_service_phone.svg
[debug] [2026-01-25T16:56:02.769Z] [unzip] else mkdir: C:\Users\ha177\.cache\firebase\emulators\ui-v1.15.0\client\assets\provider-icons
[debug] [2026-01-25T16:56:02.770Z] [unzip] deflating: C:\Users\ha177\.cache\firebase\emulators\ui-v1.15.0\client\assets\provider-icons\auth_service_phone.svg
[debug] [2026-01-25T16:56:02.772Z] [unzip] Entry: client/assets/provider-icons/auth_service_facebook.svg (compressed_size=289 bytes, uncompressed_size=457 bytes)
[debug] [2026-01-25T16:56:02.773Z] [unzip] Processing entry: client\assets\provider-icons\auth_service_facebook.svg
[debug] [2026-01-25T16:56:02.773Z] [unzip] else mkdir: C:\Users\ha177\.cache\firebase\emulators\ui-v1.15.0\client\assets\provider-icons
[debug] [2026-01-25T16:56:02.774Z] [unzip] deflating: C:\Users\ha177\.cache\firebase\emulators\ui-v1.15.0\client\assets\provider-icons\auth_service_facebook.svg
[debug] [2026-01-25T16:56:02.777Z] [unzip] Entry: client/assets/provider-icons/auth_service_game_center.svg (compressed_size=991 bytes, uncompressed_size=3921 bytes)
[debug] [2026-01-25T16:56:02.777Z] [unzip] Processing entry: client\assets\provider-icons\auth_service_game_center.svg
[debug] [2026-01-25T16:56:02.777Z] [unzip] else mkdir: C:\Users\ha177\.cache\firebase\emulators\ui-v1.15.0\client\assets\provider-icons
[debug] [2026-01-25T16:56:02.778Z] [unzip] deflating: C:\Users\ha177\.cache\firebase\emulators\ui-v1.15.0\client\assets\provider-icons\auth_service_game_center.svg
[debug] [2026-01-25T16:56:02.781Z] [unzip] Entry: client/assets/provider-icons/auth_service_apple.svg (compressed_size=230 bytes, uncompressed_size=334 bytes)
[debug] [2026-01-25T16:56:02.781Z] [unzip] Processing entry: client\assets\provider-icons\auth_service_apple.svg
[debug] [2026-01-25T16:56:02.781Z] [unzip] else mkdir: C:\Users\ha177\.cache\firebase\emulators\ui-v1.15.0\client\assets\provider-icons
[debug] [2026-01-25T16:56:02.782Z] [unzip] deflating: C:\Users\ha177\.cache\firebase\emulators\ui-v1.15.0\client\assets\provider-icons\auth_service_apple.svg
[debug] [2026-01-25T16:56:02.785Z] [unzip] Entry: client/assets/provider-icons/auth_service_github.svg (compressed_size=466 bytes, uncompressed_size=838 bytes)
[debug] [2026-01-25T16:56:02.785Z] [unzip] Processing entry: client\assets\provider-icons\auth_service_github.svg
[debug] [2026-01-25T16:56:02.785Z] [unzip] else mkdir: C:\Users\ha177\.cache\firebase\emulators\ui-v1.15.0\client\assets\provider-icons
[debug] [2026-01-25T16:56:02.786Z] [unzip] deflating: C:\Users\ha177\.cache\firebase\emulators\ui-v1.15.0\client\assets\provider-icons\auth_service_github.svg
[debug] [2026-01-25T16:56:02.788Z] [unzip] Entry: client/assets/provider-icons/auth_service_mslive.svg (compressed_size=203 bytes, uncompressed_size=378 bytes)
[debug] [2026-01-25T16:56:02.788Z] [unzip] Processing entry: client\assets\provider-icons\auth_service_mslive.svg
[debug] [2026-01-25T16:56:02.788Z] [unzip] else mkdir: C:\Users\ha177\.cache\firebase\emulators\ui-v1.15.0\client\assets\provider-icons
[debug] [2026-01-25T16:56:02.789Z] [unzip] deflating: C:\Users\ha177\.cache\firebase\emulators\ui-v1.15.0\client\assets\provider-icons\auth_service_mslive.svg
[debug] [2026-01-25T16:56:02.792Z] [unzip] Entry: client/assets/provider-icons/auth_service_yahoo.svg (compressed_size=577 bytes, uncompressed_size=1182 bytes)
[debug] [2026-01-25T16:56:02.792Z] [unzip] Processing entry: client\assets\provider-icons\auth_service_yahoo.svg
[debug] [2026-01-25T16:56:02.792Z] [unzip] else mkdir: C:\Users\ha177\.cache\firebase\emulators\ui-v1.15.0\client\assets\provider-icons
[debug] [2026-01-25T16:56:02.793Z] [unzip] deflating: C:\Users\ha177\.cache\firebase\emulators\ui-v1.15.0\client\assets\provider-icons\auth_service_yahoo.svg
[debug] [2026-01-25T16:56:02.795Z] [unzip] Entry: client/assets/provider-icons/auth_service_twitter.svg (compressed_size=444 bytes, uncompressed_size=751 bytes)
[debug] [2026-01-25T16:56:02.796Z] [unzip] Processing entry: client\assets\provider-icons\auth_service_twitter.svg
[debug] [2026-01-25T16:56:02.796Z] [unzip] else mkdir: C:\Users\ha177\.cache\firebase\emulators\ui-v1.15.0\client\assets\provider-icons
[debug] [2026-01-25T16:56:02.797Z] [unzip] deflating: C:\Users\ha177\.cache\firebase\emulators\ui-v1.15.0\client\assets\provider-icons\auth_service_twitter.svg
[debug] [2026-01-25T16:56:02.799Z] [unzip] Entry: client/assets/provider-icons/auth_service_play_games.svg (compressed_size=565 bytes, uncompressed_size=1173 bytes)
[debug] [2026-01-25T16:56:02.799Z] [unzip] Processing entry: client\assets\provider-icons\auth_service_play_games.svg
[debug] [2026-01-25T16:56:02.799Z] [unzip] else mkdir: C:\Users\ha177\.cache\firebase\emulators\ui-v1.15.0\client\assets\provider-icons
[debug] [2026-01-25T16:56:02.800Z] [unzip] deflating: C:\Users\ha177\.cache\firebase\emulators\ui-v1.15.0\client\assets\provider-icons\auth_service_play_games.svg
[debug] [2026-01-25T16:56:02.802Z] [unzip] Entry: client/assets/provider-icons/auth_service_email.svg (compressed_size=228 bytes, uncompressed_size=326 bytes)
[debug] [2026-01-25T16:56:02.802Z] [unzip] Processing entry: client\assets\provider-icons\auth_service_email.svg
[debug] [2026-01-25T16:56:02.803Z] [unzip] else mkdir: C:\Users\ha177\.cache\firebase\emulators\ui-v1.15.0\client\assets\provider-icons
[debug] [2026-01-25T16:56:02.803Z] [unzip] deflating: C:\Users\ha177\.cache\firebase\emulators\ui-v1.15.0\client\assets\provider-icons\auth_service_email.svg
[debug] [2026-01-25T16:56:02.806Z] [unzip] Entry: client/assets/provider-icons/auth_service_google.svg (compressed_size=409 bytes, uncompressed_size=720 bytes)
[debug] [2026-01-25T16:56:02.806Z] [unzip] Processing entry: client\assets\provider-icons\auth_service_google.svg
[debug] [2026-01-25T16:56:02.806Z] [unzip] else mkdir: C:\Users\ha177\.cache\firebase\emulators\ui-v1.15.0\client\assets\provider-icons
[debug] [2026-01-25T16:56:02.807Z] [unzip] deflating: C:\Users\ha177\.cache\firebase\emulators\ui-v1.15.0\client\assets\provider-icons\auth_service_google.svg
[debug] [2026-01-25T16:56:02.809Z] [unzip] Entry: client/assets/provider-icons/auth_service_oidc.svg (compressed_size=414 bytes, uncompressed_size=858 bytes)
[debug] [2026-01-25T16:56:02.809Z] [unzip] Processing entry: client\assets\provider-icons\auth_service_oidc.svg
[debug] [2026-01-25T16:56:02.809Z] [unzip] else mkdir: C:\Users\ha177\.cache\firebase\emulators\ui-v1.15.0\client\assets\provider-icons
[debug] [2026-01-25T16:56:02.810Z] [unzip] deflating: C:\Users\ha177\.cache\firebase\emulators\ui-v1.15.0\client\assets\provider-icons\auth_service_oidc.svg
[debug] [2026-01-25T16:56:02.812Z] [unzip] Entry: client/browserconfig.xml (compressed_size=491 bytes, uncompressed_size=822 bytes)
[debug] [2026-01-25T16:56:02.812Z] [unzip] Processing entry: client\browserconfig.xml
[debug] [2026-01-25T16:56:02.813Z] [unzip] else mkdir: C:\Users\ha177\.cache\firebase\emulators\ui-v1.15.0\client
[debug] [2026-01-25T16:56:02.813Z] [unzip] deflating: C:\Users\ha177\.cache\firebase\emulators\ui-v1.15.0\client\browserconfig.xml
[debug] [2026-01-25T16:56:02.816Z] [unzip] Entry: client/favicon-32x32.png (compressed_size=475 bytes, uncompressed_size=475 bytes)
[debug] [2026-01-25T16:56:02.816Z] [unzip] Processing entry: client\favicon-32x32.png
[debug] [2026-01-25T16:56:02.816Z] [unzip] else mkdir: C:\Users\ha177\.cache\firebase\emulators\ui-v1.15.0\client
[debug] [2026-01-25T16:56:02.817Z] [unzip] Writing file: C:\Users\ha177\.cache\firebase\emulators\ui-v1.15.0\client\favicon-32x32.png
[debug] [2026-01-25T16:56:02.818Z] [unzip] Entry: server/ (compressed_size=0 bytes, uncompressed_size=0 bytes)
[debug] [2026-01-25T16:56:02.819Z] [unzip] Processing entry: server\
[debug] [2026-01-25T16:56:02.819Z] [unzip] mkdir: C:\Users\ha177\.cache\firebase\emulators\ui-v1.15.0\server\
[debug] [2026-01-25T16:56:02.820Z] [unzip] Entry: server/server.mjs.map (compressed_size=217845 bytes, uncompressed_size=944978 bytes)
[debug] [2026-01-25T16:56:02.820Z] [unzip] Processing entry: server\server.mjs.map
[debug] [2026-01-25T16:56:02.820Z] [unzip] else mkdir: C:\Users\ha177\.cache\firebase\emulators\ui-v1.15.0\server
[debug] [2026-01-25T16:56:02.821Z] [unzip] deflating: C:\Users\ha177\.cache\firebase\emulators\ui-v1.15.0\server\server.mjs.map
[debug] [2026-01-25T16:56:02.832Z] [unzip] Entry: server/server.mjs (compressed_size=276407 bytes, uncompressed_size=933701 bytes)
[debug] [2026-01-25T16:56:02.832Z] [unzip] Processing entry: server\server.mjs
[debug] [2026-01-25T16:56:02.832Z] [unzip] else mkdir: C:\Users\ha177\.cache\firebase\emulators\ui-v1.15.0\server
[debug] [2026-01-25T16:56:02.833Z] [unzip] deflating: C:\Users\ha177\.cache\firebase\emulators\ui-v1.15.0\server\server.mjs
[debug] [2026-01-25T16:56:02.851Z] [Extensions] Connecting Extensions emulator, this is a noop.
[info] i  functions: Watching "D:\PakTrainFoodApp\functions" for Cloud Functions... {"metadata":{"emulator":{"name":"functions"},"message":"Watching \"D:\\PakTrainFoodApp\\functions\" for Cloud Functions..."}}
[debug] [2026-01-25T16:56:02.863Z] Validating nodejs source
[debug] [2026-01-25T16:56:02.879Z] checkFunctionsSDKVersion was unable to fetch information from NPM Error: spawnSync cmd.exe ENOENT
    at Object.spawnSync (node:internal/child_process:1124:20)
    at Object.spawnSync (node:child_process:876:24)
    at Function.spawnSync [as sync] (C:\Users\ha177\AppData\Roaming\npm\node_modules\firebase-tools\node_modules\cross-spawn\index.js:26:23)
    at Object.getLatestSDKVersion (C:\Users\ha177\AppData\Roaming\npm\node_modules\firebase-tools\lib\deploy\functions\runtimes\node\versioning.js:55:25)
    at Object.checkFunctionsSDKVersion (C:\Users\ha177\AppData\Roaming\npm\node_modules\firebase-tools\lib\deploy\functions\runtimes\node\versioning.js:74:32)
    at Delegate.validate (C:\Users\ha177\AppData\Roaming\npm\node_modules\firebase-tools\lib\deploy\functions\runtimes\node\index.js:88:20)
    at FunctionsEmulator.discoverTriggers (C:\Users\ha177\AppData\Roaming\npm\node_modules\firebase-tools\lib\emulator\functionsEmulator.js:321:35)
    at async FunctionsEmulator.loadTriggers (C:\Users\ha177\AppData\Roaming\npm\node_modules\firebase-tools\lib\emulator\functionsEmulator.js:367:34)
    at async FunctionsEmulator.connect (C:\Users\ha177\AppData\Roaming\npm\node_modules\firebase-tools\lib\emulator\functionsEmulator.js:283:13)
    at async Object.startAll (C:\Users\ha177\AppData\Roaming\npm\node_modules\firebase-tools\lib\emulator\controller.js:683:13)
[debug] [2026-01-25T16:56:02.880Z] > [functions] package.json contents: {
  "name": "functions",
  "description": "Cloud Functions for Firebase",
  "scripts": {
    "serve": "firebase emulators:start --only functions",
    "shell": "firebase functions:shell",
    "start": "npm run shell",
    "deploy": "firebase deploy --only functions",
    "logs": "firebase functions:log"
  },
  "engines": {
    "node": "24"
  },
  "main": "index.js",
  "dependencies": {
    "firebase-admin": "^13.6.0",
    "firebase-functions": "^7.0.0"
  },
  "devDependencies": {
    "firebase-functions-test": "^3.4.1"
  },
  "private": true
}
[debug] [2026-01-25T16:56:02.880Z] Building nodejs source
[debug] [2026-01-25T16:56:02.881Z] Failed to find version of module node: reached end of search path D:\PakTrainFoodApp\functions\node_modules
[warn] !  functions: Your requested "node" version "24" doesn't match your global version "20". Using node@20 from host. 
[debug] [2026-01-25T16:56:02.886Z] Could not find functions.yaml. Must use http discovery
[debug] [2026-01-25T16:56:02.901Z] Found firebase-functions binary at 'D:\PakTrainFoodApp\functions\node_modules\.bin\firebase-functions'
[debug] [2026-01-25T16:56:02.913Z] Error: spawn cmd.exe ENOENT
    at ChildProcess._handle.onexit (node:internal/child_process:286:19)
    at onErrorNT (node:internal/child_process:484:16)
    at process.processTicksAndRejections (node:internal/process/task_queues:82:21)
[error] 
[error] Error: An unexpected error has occurred.
[debug] [2026-01-25T16:56:03.237Z] Found emulator hub locator: {"version":"15.4.0","origins":["http://127.0.0.1:4400","http://[::1]:4400"],"pid":15624}
