[debug] [2026-06-25T10:57:01.750Z] ----------------------------------------------------------------------
[debug] [2026-06-25T10:57:01.754Z] Command:       C:\Program Files\nodejs\node.exe C:\Users\ha177\AppData\Roaming\npm\node_modules\firebase-tools\lib\bin\firebase.js deploy --only functions
[debug] [2026-06-25T10:57:01.754Z] CLI Version:   15.22.2
[debug] [2026-06-25T10:57:01.755Z] Platform:      win32
[debug] [2026-06-25T10:57:01.755Z] Node Version:  v20.20.2
[debug] [2026-06-25T10:57:01.755Z] Detected Agent: unknown
[debug] [2026-06-25T10:57:01.755Z] Time:          Thu Jun 25 2026 15:57:01 GMT+0500 (Pakistan Standard Time)
[debug] [2026-06-25T10:57:01.756Z] ----------------------------------------------------------------------
[debug] 
[debug] [2026-06-25T10:57:05.595Z] > command requires scopes: ["email","openid","https://www.googleapis.com/auth/cloudplatformprojects.readonly","https://www.googleapis.com/auth/firebase","https://www.googleapis.com/auth/cloud-platform"]
[debug] [2026-06-25T10:57:05.595Z] > authorizing via signed-in user (fa9293493@gmail.com)
[debug] [2026-06-25T10:57:05.596Z] [iam] checking project paktrainfoodservice for permissions ["cloudfunctions.functions.create","cloudfunctions.functions.delete","cloudfunctions.functions.get","cloudfunctions.functions.list","cloudfunctions.functions.update","cloudfunctions.operations.get","firebase.projects.get"]
[debug] [2026-06-25T10:57:05.598Z] Checked if tokens are valid: true, expires at: 1782388599025
[debug] [2026-06-25T10:57:05.599Z] Checked if tokens are valid: true, expires at: 1782388599025
[debug] [2026-06-25T10:57:05.601Z] >>> [apiv2][query] POST https://cloudresourcemanager.googleapis.com/v1/projects/paktrainfoodservice:testIamPermissions [none]
[debug] [2026-06-25T10:57:05.601Z] >>> [apiv2][(partial)header] POST https://cloudresourcemanager.googleapis.com/v1/projects/paktrainfoodservice:testIamPermissions  x-goog-user-project=paktrainfoodservice
[debug] [2026-06-25T10:57:05.601Z] >>> [apiv2][body] POST https://cloudresourcemanager.googleapis.com/v1/projects/paktrainfoodservice:testIamPermissions {"permissions":["cloudfunctions.functions.create","cloudfunctions.functions.delete","cloudfunctions.functions.get","cloudfunctions.functions.list","cloudfunctions.functions.update","cloudfunctions.operations.get","firebase.projects.get"]}
[debug] [2026-06-25T10:57:07.282Z] <<< [apiv2][status] POST https://cloudresourcemanager.googleapis.com/v1/projects/paktrainfoodservice:testIamPermissions 200
[debug] [2026-06-25T10:57:07.283Z] <<< [apiv2][body] POST https://cloudresourcemanager.googleapis.com/v1/projects/paktrainfoodservice:testIamPermissions {"permissions":["cloudfunctions.functions.create","cloudfunctions.functions.delete","cloudfunctions.functions.get","cloudfunctions.functions.list","cloudfunctions.functions.update","cloudfunctions.operations.get","firebase.projects.get"]}
[debug] [2026-06-25T10:57:07.284Z] Checked if tokens are valid: true, expires at: 1782388599025
[debug] [2026-06-25T10:57:07.284Z] Checked if tokens are valid: true, expires at: 1782388599025
[debug] [2026-06-25T10:57:07.285Z] >>> [apiv2][query] POST https://iam.googleapis.com/v1/projects/paktrainfoodservice/serviceAccounts/paktrainfoodservice@appspot.gserviceaccount.com:testIamPermissions [none]
[debug] [2026-06-25T10:57:07.285Z] >>> [apiv2][body] POST https://iam.googleapis.com/v1/projects/paktrainfoodservice/serviceAccounts/paktrainfoodservice@appspot.gserviceaccount.com:testIamPermissions {"permissions":["iam.serviceAccounts.actAs"]}
[debug] [2026-06-25T10:57:08.932Z] <<< [apiv2][status] POST https://iam.googleapis.com/v1/projects/paktrainfoodservice/serviceAccounts/paktrainfoodservice@appspot.gserviceaccount.com:testIamPermissions 404
[debug] [2026-06-25T10:57:08.932Z] <<< [apiv2][body] POST https://iam.googleapis.com/v1/projects/paktrainfoodservice/serviceAccounts/paktrainfoodservice@appspot.gserviceaccount.com:testIamPermissions {"error":{"code":404,"message":"Unknown service account","status":"NOT_FOUND"}}
[debug] [2026-06-25T10:57:08.933Z] [functions] service account IAM check errored, deploy may fail: Request to https://iam.googleapis.com/v1/projects/paktrainfoodservice/serviceAccounts/paktrainfoodservice@appspot.gserviceaccount.com:testIamPermissions had HTTP Error: 404, Unknown service account {"name":"FirebaseError","children":[],"context":{"body":{"error":{"code":404,"message":"Unknown service account","status":"NOT_FOUND"}},"response":{"statusCode":404}},"exit":1,"message":"Request to https://iam.googleapis.com/v1/projects/paktrainfoodservice/serviceAccounts/paktrainfoodservice@appspot.gserviceaccount.com:testIamPermissions had HTTP Error: 404, Unknown service account","status":404}
[info] 
[info] === Deploying to 'paktrainfoodservice'...
[info] 
[info] i  deploying functions 
[debug] [2026-06-25T10:57:08.959Z] Checked if tokens are valid: true, expires at: 1782388599025
[debug] [2026-06-25T10:57:08.960Z] Checked if tokens are valid: true, expires at: 1782388599025
[debug] [2026-06-25T10:57:08.960Z] >>> [apiv2][query] GET https://cloudresourcemanager.googleapis.com/v1/projects/paktrainfoodservice [none]
[debug] [2026-06-25T10:57:09.317Z] <<< [apiv2][status] GET https://cloudresourcemanager.googleapis.com/v1/projects/paktrainfoodservice 200
[debug] [2026-06-25T10:57:09.317Z] <<< [apiv2][body] GET https://cloudresourcemanager.googleapis.com/v1/projects/paktrainfoodservice {"projectNumber":"584020651389","projectId":"paktrainfoodservice","lifecycleState":"ACTIVE","name":"PakTrainFoodService","labels":{"firebase":"enabled","firebase-core":"disabled"},"createTime":"2025-09-28T03:33:09.627398Z"}
[info] i  functions: preparing codebase default for deployment 
[info] i  functions: ensuring required API cloudfunctions.googleapis.com is enabled... 
[info] i  functions: ensuring required API cloudbuild.googleapis.com is enabled... 
[info] i  artifactregistry: ensuring required API artifactregistry.googleapis.com is enabled... 
[debug] [2026-06-25T10:57:09.328Z] Checked if tokens are valid: true, expires at: 1782388599025
[debug] [2026-06-25T10:57:09.328Z] Checked if tokens are valid: true, expires at: 1782388599025
[debug] [2026-06-25T10:57:09.328Z] >>> [apiv2][query] GET https://firebase.googleapis.com/v1beta1/projects/paktrainfoodservice/adminSdkConfig [none]
[debug] [2026-06-25T10:57:10.029Z] <<< [apiv2][status] GET https://firebase.googleapis.com/v1beta1/projects/paktrainfoodservice/adminSdkConfig 200
[debug] [2026-06-25T10:57:10.029Z] <<< [apiv2][body] GET https://firebase.googleapis.com/v1beta1/projects/paktrainfoodservice/adminSdkConfig {"projectId":"paktrainfoodservice","databaseURL":"https://paktrainfoodservice-default-rtdb.firebaseio.com","storageBucket":"paktrainfoodservice.firebasestorage.app"}
[debug] [2026-06-25T10:57:10.033Z] Validating nodejs source
[warn] !  functions: Couldn't find firebase-functions package in your source code. Have you run 'npm install'? 
[debug] [2026-06-25T10:57:10.035Z] getFunctionsSDKVersion encountered error: Cannot find module 'firebase-functions'
Require stack:
- C:\Users\ha177\AppData\Roaming\npm\node_modules\firebase-tools\lib\deploy\functions\runtimes\node\versioning.js
- C:\Users\ha177\AppData\Roaming\npm\node_modules\firebase-tools\lib\deploy\functions\runtimes\node\index.js
- C:\Users\ha177\AppData\Roaming\npm\node_modules\firebase-tools\lib\deploy\functions\runtimes\index.js
- C:\Users\ha177\AppData\Roaming\npm\node_modules\firebase-tools\lib\deploy\functions\prepare.js
- C:\Users\ha177\AppData\Roaming\npm\node_modules\firebase-tools\lib\emulator\functionsEmulatorShared.js
- C:\Users\ha177\AppData\Roaming\npm\node_modules\firebase-tools\lib\frameworks\index.js
- C:\Users\ha177\AppData\Roaming\npm\node_modules\firebase-tools\lib\deploy\hosting\prepare.js
- C:\Users\ha177\AppData\Roaming\npm\node_modules\firebase-tools\lib\deploy\hosting\index.js
- C:\Users\ha177\AppData\Roaming\npm\node_modules\firebase-tools\lib\deploy\index.js
- C:\Users\ha177\AppData\Roaming\npm\node_modules\firebase-tools\lib\commands\deploy.js
- C:\Users\ha177\AppData\Roaming\npm\node_modules\firebase-tools\lib\commands\index.js
- C:\Users\ha177\AppData\Roaming\npm\node_modules\firebase-tools\lib\index.js
- C:\Users\ha177\AppData\Roaming\npm\node_modules\firebase-tools\lib\bin\cli.js
- C:\Users\ha177\AppData\Roaming\npm\node_modules\firebase-tools\lib\bin\firebase.js {"code":"MODULE_NOT_FOUND","requireStack":["C:\\Users\\ha177\\AppData\\Roaming\\npm\\node_modules\\firebase-tools\\lib\\deploy\\functions\\runtimes\\node\\versioning.js","C:\\Users\\ha177\\AppData\\Roaming\\npm\\node_modules\\firebase-tools\\lib\\deploy\\functions\\runtimes\\node\\index.js","C:\\Users\\ha177\\AppData\\Roaming\\npm\\node_modules\\firebase-tools\\lib\\deploy\\functions\\runtimes\\index.js","C:\\Users\\ha177\\AppData\\Roaming\\npm\\node_modules\\firebase-tools\\lib\\deploy\\functions\\prepare.js","C:\\Users\\ha177\\AppData\\Roaming\\npm\\node_modules\\firebase-tools\\lib\\emulator\\functionsEmulatorShared.js","C:\\Users\\ha177\\AppData\\Roaming\\npm\\node_modules\\firebase-tools\\lib\\frameworks\\index.js","C:\\Users\\ha177\\AppData\\Roaming\\npm\\node_modules\\firebase-tools\\lib\\deploy\\hosting\\prepare.js","C:\\Users\\ha177\\AppData\\Roaming\\npm\\node_modules\\firebase-tools\\lib\\deploy\\hosting\\index.js","C:\\Users\\ha177\\AppData\\Roaming\\npm\\node_modules\\firebase-tools\\lib\\deploy\\index.js","C:\\Users\\ha177\\AppData\\Roaming\\npm\\node_modules\\firebase-tools\\lib\\commands\\deploy.js","C:\\Users\\ha177\\AppData\\Roaming\\npm\\node_modules\\firebase-tools\\lib\\commands\\index.js","C:\\Users\\ha177\\AppData\\Roaming\\npm\\node_modules\\firebase-tools\\lib\\index.js","C:\\Users\\ha177\\AppData\\Roaming\\npm\\node_modules\\firebase-tools\\lib\\bin\\cli.js","C:\\Users\\ha177\\AppData\\Roaming\\npm\\node_modules\\firebase-tools\\lib\\bin\\firebase.js"]}
[debug] [2026-06-25T10:57:10.037Z] checkFunctionsSDKVersion encountered error: Invalid Version:  {}
[debug] [2026-06-25T10:57:10.039Z] > [functions] package.json contents: {
  "name": "functions",
  "description": "Cloud Functions for Firebase",
  "scripts": {
    "serve": "firebase emulators:start --only functions",
    "shell": "firebase functions:shell",
    "start": "npm run shell",
    "deploy": "firebase deploy --only functions",
    "logs": "firebase functions:log"
  },
  "engines": {
    "node": "24"
  },
  "main": "index.js",
  "dependencies": {
    "firebase-admin": "^12.0.0",
    "firebase-functions": "^5.0.0",
    "stripe": "^17.0.0"
  },
  "devDependencies": {
    "firebase-functions-test": "^3.4.1"
  },
  "private": true
}
[debug] [2026-06-25T10:57:10.040Z] Building nodejs source
[info] i  functions: Loading and analyzing source code for codebase default to determine what to deploy 
[debug] [2026-06-25T10:57:10.042Z] Could not parse firebase-functions version '' into semver.
[debug] [2026-06-25T10:57:10.044Z] Could not find functions.yaml. Must use http discovery
[debug] [2026-06-25T10:57:10.076Z] Error: Cannot find module 'firebase-functions'
Require stack:
- C:\Users\ha177\AppData\Roaming\npm\node_modules\firebase-tools\lib\deploy\functions\runtimes\node\index.js
- C:\Users\ha177\AppData\Roaming\npm\node_modules\firebase-tools\lib\deploy\functions\runtimes\index.js
- C:\Users\ha177\AppData\Roaming\npm\node_modules\firebase-tools\lib\deploy\functions\prepare.js
- C:\Users\ha177\AppData\Roaming\npm\node_modules\firebase-tools\lib\emulator\functionsEmulatorShared.js
- C:\Users\ha177\AppData\Roaming\npm\node_modules\firebase-tools\lib\frameworks\index.js
- C:\Users\ha177\AppData\Roaming\npm\node_modules\firebase-tools\lib\deploy\hosting\prepare.js
- C:\Users\ha177\AppData\Roaming\npm\node_modules\firebase-tools\lib\deploy\hosting\index.js
- C:\Users\ha177\AppData\Roaming\npm\node_modules\firebase-tools\lib\deploy\index.js
- C:\Users\ha177\AppData\Roaming\npm\node_modules\firebase-tools\lib\commands\deploy.js
- C:\Users\ha177\AppData\Roaming\npm\node_modules\firebase-tools\lib\commands\index.js
- C:\Users\ha177\AppData\Roaming\npm\node_modules\firebase-tools\lib\index.js
- C:\Users\ha177\AppData\Roaming\npm\node_modules\firebase-tools\lib\bin\cli.js
- C:\Users\ha177\AppData\Roaming\npm\node_modules\firebase-tools\lib\bin\firebase.js
    at Module._resolveFilename (node:internal/modules/cjs/loader:1207:15)
    at Function.resolve (node:internal/modules/helpers:193:19)
    at Delegate.findFunctionsBinary (C:\Users\ha177\AppData\Roaming\npm\node_modules\firebase-tools\lib\deploy\functions\runtimes\node\index.js:101:33)
    at Delegate.spawnFunctionsProcess (C:\Users\ha177\AppData\Roaming\npm\node_modules\firebase-tools\lib\deploy\functions\runtimes\node\index.js:131:30)
    at Delegate.serveAdmin (C:\Users\ha177\AppData\Roaming\npm\node_modules\firebase-tools\lib\deploy\functions\runtimes\node\index.js:152:35)
    at Delegate.discoverBuild (C:\Users\ha177\AppData\Roaming\npm\node_modules\firebase-tools\lib\deploy\functions\runtimes\node\index.js:192:41)
    at process.processTicksAndRejections (node:internal/process/task_queues:95:5)
    at async loadCodebases (C:\Users\ha177\AppData\Roaming\npm\node_modules\firebase-tools\lib\deploy\functions\prepare.js:393:33)
    at async prepare (C:\Users\ha177\AppData\Roaming\npm\node_modules\firebase-tools\lib\deploy\functions\prepare.js:74:24)
    at async chain (C:\Users\ha177\AppData\Roaming\npm\node_modules\firebase-tools\lib\deploy\index.js:45:9)
[error] 
[error] Error: An unexpected error has occurred.
